d:\work\cpp\crossfire64\crossfire64\os-imgui\x64\debug\vc143.pdb
d:\work\cpp\crossfire64\crossfire64\os-imgui\x64\debug\vc143.idb
d:\work\cpp\crossfire64\crossfire64\os-imgui\x64\debug\os-imgui_internal.obj
d:\work\cpp\crossfire64\crossfire64\os-imgui\x64\debug\os-imgui_external.obj
d:\work\cpp\crossfire64\crossfire64\os-imgui\x64\debug\os-imgui_base.obj
d:\work\cpp\crossfire64\crossfire64\os-imgui\x64\debug\os-imgui.obj
d:\work\cpp\crossfire64\crossfire64\os-imgui\x64\debug\main.obj
d:\work\cpp\crossfire64\crossfire64\os-imgui\x64\debug\imgui_widgets.obj
d:\work\cpp\crossfire64\crossfire64\os-imgui\x64\debug\imgui_tables.obj
d:\work\cpp\crossfire64\crossfire64\os-imgui\x64\debug\imgui_impl_win32.obj
d:\work\cpp\crossfire64\crossfire64\os-imgui\x64\debug\imgui_impl_dx9.obj
d:\work\cpp\crossfire64\crossfire64\os-imgui\x64\debug\imgui_impl_dx11.obj
d:\work\cpp\crossfire64\crossfire64\os-imgui\x64\debug\imgui_draw.obj
d:\work\cpp\crossfire64\crossfire64\os-imgui\x64\debug\imgui_demo.obj
d:\work\cpp\crossfire64\crossfire64\os-imgui\x64\debug\imgui.obj
d:\work\cpp\crossfire64\crossfire64\os-imgui\x64\debug\trampoline.obj
d:\work\cpp\crossfire64\crossfire64\os-imgui\x64\debug\hook.obj
d:\work\cpp\crossfire64\crossfire64\os-imgui\x64\debug\hde64.obj
d:\work\cpp\crossfire64\crossfire64\os-imgui\x64\debug\hde32.obj
d:\work\cpp\crossfire64\crossfire64\os-imgui\x64\debug\buffer.obj
d:\work\cpp\crossfire64\x64\debug\os-imgui.exe
d:\work\cpp\crossfire64\x64\debug\os-imgui.pdb
d:\work\cpp\crossfire64\crossfire64\os-imgui\x64\debug\os-imgui.ilk
d:\work\cpp\crossfire64\crossfire64\os-imgui\x64\debug\os-imgui.tlog\cl.command.1.tlog
d:\work\cpp\crossfire64\crossfire64\os-imgui\x64\debug\os-imgui.tlog\cl.items.tlog
d:\work\cpp\crossfire64\crossfire64\os-imgui\x64\debug\os-imgui.tlog\cl.read.1.tlog
d:\work\cpp\crossfire64\crossfire64\os-imgui\x64\debug\os-imgui.tlog\cl.write.1.tlog
d:\work\cpp\crossfire64\crossfire64\os-imgui\x64\debug\os-imgui.tlog\link.command.1.tlog
d:\work\cpp\crossfire64\crossfire64\os-imgui\x64\debug\os-imgui.tlog\link.read.1.tlog
d:\work\cpp\crossfire64\crossfire64\os-imgui\x64\debug\os-imgui.tlog\link.secondary.1.tlog
d:\work\cpp\crossfire64\crossfire64\os-imgui\x64\debug\os-imgui.tlog\link.write.1.tlog
